{
  "stats": {
    "suites": 2,
    "tests": 4,
    "passes": 4,
    "pending": 0,
    "failures": 0,
    "start": "2022-07-28T01:15:54.216Z",
    "end": "2022-07-28T01:16:41.528Z",
    "duration": 47312,
    "testsRegistered": 4,
    "passPercent": 100,
    "pendingPercent": 0,
    "other": 0,
    "hasOther": false,
    "skipped": 0,
    "hasSkipped": false
  },
  "results": [
    {
      "uuid": "9c3cc5bf-0283-45db-8e42-126eec7efac2",
      "title": "",
      "fullFile": "",
      "file": "",
      "beforeHooks": [],
      "afterHooks": [],
      "tests": [],
      "suites": [
        {
          "uuid": "1f869e93-db75-4b56-9d51-114ee9d5056f",
          "title": "estudantes",
          "fullFile": "C:\\Users\\felip\\OneDrive\\Documentos\\Curso Qazando\\estudantes_test.js",
          "file": "\\estudantes_test.js",
          "beforeHooks": [
            {
              "title": "\"before all\" hook: codeceptjs.beforeSuite in \"estudantes\"",
              "fullTitle": "estudantes \"before all\" hook: codeceptjs.beforeSuite in \"estudantes\"",
              "timedOut": false,
              "duration": 1,
              "state": null,
              "speed": null,
              "pass": false,
              "fail": false,
              "pending": false,
              "context": null,
              "code": "scenario.suiteSetup(suite)",
              "err": {},
              "uuid": "1a4a43f7-ff92-457a-a813-0a6352681454",
              "parentUUID": "1f869e93-db75-4b56-9d51-114ee9d5056f",
              "isHook": true,
              "skipped": false
            },
            {
              "title": "\"before each\" hook: codeceptjs.before in \"estudantes\"",
              "fullTitle": "estudantes \"before each\" hook: codeceptjs.before in \"estudantes\"",
              "timedOut": false,
              "duration": 5072,
              "state": null,
              "speed": null,
              "pass": false,
              "fail": false,
              "pending": false,
              "context": null,
              "code": "scenario.setup(suite)",
              "err": {},
              "uuid": "bebca2bc-2483-4d93-96aa-36f625bdccc9",
              "parentUUID": "1f869e93-db75-4b56-9d51-114ee9d5056f",
              "isHook": true,
              "skipped": false
            }
          ],
          "afterHooks": [
            {
              "title": "\"after all\" hook: codeceptjs.afterSuite in \"estudantes\"",
              "fullTitle": "estudantes \"after all\" hook: codeceptjs.afterSuite in \"estudantes\"",
              "timedOut": false,
              "duration": 1,
              "state": null,
              "speed": null,
              "pass": false,
              "fail": false,
              "pending": false,
              "context": null,
              "code": "scenario.suiteTeardown(suite)",
              "err": {},
              "uuid": "c40c2267-ce7b-47e8-a8f8-c33b9a3446e9",
              "parentUUID": "1f869e93-db75-4b56-9d51-114ee9d5056f",
              "isHook": true,
              "skipped": false
            },
            {
              "title": "\"after each\" hook: finalize codeceptjs in \"estudantes\"",
              "fullTitle": "estudantes \"after each\" hook: finalize codeceptjs in \"estudantes\"",
              "timedOut": false,
              "duration": 181,
              "state": null,
              "speed": null,
              "pass": false,
              "fail": false,
              "pending": false,
              "context": null,
              "code": "scenario.teardown(suite)",
              "err": {},
              "uuid": "af59a99f-6173-4afc-8141-dda70bbf39bf",
              "parentUUID": "1f869e93-db75-4b56-9d51-114ee9d5056f",
              "isHook": true,
              "skipped": false
            }
          ],
          "tests": [
            {
              "title": "Adicionar estudante com sucesso",
              "fullTitle": "estudantes: Adicionar estudante com sucesso",
              "timedOut": false,
              "duration": 10725,
              "state": "passed",
              "speed": "slow",
              "pass": true,
              "fail": false,
              "pending": false,
              "context": null,
              "code": "loginPage.fazerLogin(\"teste@teste.com\", \"123456\")\nhomePage.adicionarEstudante(\"123456\", \"Felipe Rossi\")",
              "err": {},
              "uuid": "d291e66b-298e-4932-87c1-c14d62fccbe1",
              "parentUUID": "1f869e93-db75-4b56-9d51-114ee9d5056f",
              "isHook": false,
              "skipped": false
            },
            {
              "title": "Procurar aluno com sucesso",
              "fullTitle": "estudantes: Procurar aluno com sucesso",
              "timedOut": false,
              "duration": 6278,
              "state": "passed",
              "speed": "slow",
              "pass": true,
              "fail": false,
              "pending": false,
              "context": null,
              "code": "loginPage.fazerLogin(\"teste@teste.com\", \"123456\")\nhomePage.procurarAluno(\"66525\", \"Clarise Falcão\")",
              "err": {},
              "uuid": "ac68dcef-a444-455d-a322-445208f38eec",
              "parentUUID": "1f869e93-db75-4b56-9d51-114ee9d5056f",
              "isHook": false,
              "skipped": false
            }
          ],
          "suites": [],
          "passes": [
            "d291e66b-298e-4932-87c1-c14d62fccbe1",
            "ac68dcef-a444-455d-a322-445208f38eec"
          ],
          "failures": [],
          "pending": [],
          "skipped": [],
          "duration": 17003,
          "root": false,
          "rootEmpty": false,
          "_timeout": 0
        },
        {
          "uuid": "7bfb1c28-d634-4f48-bb28-5b581ca92588",
          "title": "login",
          "fullFile": "C:\\Users\\felip\\OneDrive\\Documentos\\Curso Qazando\\login_test.js",
          "file": "\\login_test.js",
          "beforeHooks": [
            {
              "title": "\"before all\" hook: codeceptjs.beforeSuite in \"login\"",
              "fullTitle": "login \"before all\" hook: codeceptjs.beforeSuite in \"login\"",
              "timedOut": false,
              "duration": 1,
              "state": null,
              "speed": null,
              "pass": false,
              "fail": false,
              "pending": false,
              "context": null,
              "code": "scenario.suiteSetup(suite)",
              "err": {},
              "uuid": "beb38efd-e68a-437b-9586-985e7adedcb9",
              "parentUUID": "7bfb1c28-d634-4f48-bb28-5b581ca92588",
              "isHook": true,
              "skipped": false
            },
            {
              "title": "\"before each\" hook: codeceptjs.before in \"login\"",
              "fullTitle": "login \"before each\" hook: codeceptjs.before in \"login\"",
              "timedOut": false,
              "duration": 5017,
              "state": null,
              "speed": null,
              "pass": false,
              "fail": false,
              "pending": false,
              "context": null,
              "code": "scenario.setup(suite)",
              "err": {},
              "uuid": "42deeab3-94ff-4566-9fa8-7e9b12ef860b",
              "parentUUID": "7bfb1c28-d634-4f48-bb28-5b581ca92588",
              "isHook": true,
              "skipped": false
            },
            {
              "title": "\"before each\" hook: Before in \"login\"",
              "fullTitle": "login \"before each\" hook: Before in \"login\"",
              "timedOut": false,
              "duration": 1,
              "state": null,
              "speed": null,
              "pass": false,
              "fail": false,
              "pending": false,
              "context": null,
              "code": "console.log(\"Before executando antes de cada cenário!!!\")",
              "err": {},
              "uuid": "05e82ba8-51cf-42ba-92a6-b7c8b7a0fdba",
              "parentUUID": "7bfb1c28-d634-4f48-bb28-5b581ca92588",
              "isHook": true,
              "skipped": false
            }
          ],
          "afterHooks": [
            {
              "title": "\"after all\" hook: codeceptjs.afterSuite in \"login\"",
              "fullTitle": "login \"after all\" hook: codeceptjs.afterSuite in \"login\"",
              "timedOut": false,
              "duration": 0,
              "state": null,
              "speed": null,
              "pass": false,
              "fail": false,
              "pending": false,
              "context": null,
              "code": "scenario.suiteTeardown(suite)",
              "err": {},
              "uuid": "551585e5-1935-4655-bb33-78a1ed6d082f",
              "parentUUID": "7bfb1c28-d634-4f48-bb28-5b581ca92588",
              "isHook": true,
              "skipped": false
            },
            {
              "title": "\"after each\" hook: After in \"login\"",
              "fullTitle": "login \"after each\" hook: After in \"login\"",
              "timedOut": false,
              "duration": 0,
              "state": null,
              "speed": null,
              "pass": false,
              "fail": false,
              "pending": false,
              "context": null,
              "code": "console.log(\"After executando Depois de cada cenário!!!\")",
              "err": {},
              "uuid": "f1259b42-9ebf-4dcd-a63d-865ee6daacd0",
              "parentUUID": "7bfb1c28-d634-4f48-bb28-5b581ca92588",
              "isHook": true,
              "skipped": false
            },
            {
              "title": "\"after each\" hook: finalize codeceptjs in \"login\"",
              "fullTitle": "login \"after each\" hook: finalize codeceptjs in \"login\"",
              "timedOut": false,
              "duration": 190,
              "state": null,
              "speed": null,
              "pass": false,
              "fail": false,
              "pending": false,
              "context": null,
              "code": "scenario.teardown(suite)",
              "err": {},
              "uuid": "cd13aa5f-b6fa-46a5-8a37-c79103ebc136",
              "parentUUID": "7bfb1c28-d634-4f48-bb28-5b581ca92588",
              "isHook": true,
              "skipped": false
            }
          ],
          "tests": [
            {
              "title": "Login com sucesso",
              "fullTitle": "login: Login com sucesso",
              "timedOut": false,
              "duration": 4625,
              "state": "passed",
              "speed": "slow",
              "pass": true,
              "fail": false,
              "pending": false,
              "context": null,
              "code": "I, loginPage }) => {\n    loginPage.fazerLogin(\"teste@teste.com\", \"123456\")\n    homePage.validarLogin()",
              "err": {},
              "uuid": "532b7b2e-48c4-43c3-99e4-dc21a24a5499",
              "parentUUID": "7bfb1c28-d634-4f48-bb28-5b581ca92588",
              "isHook": false,
              "skipped": false
            },
            {
              "title": "Login com erro",
              "fullTitle": "login: Login com erro",
              "timedOut": false,
              "duration": 4730,
              "state": "passed",
              "speed": "slow",
              "pass": true,
              "fail": false,
              "pending": false,
              "context": null,
              "code": "I, loginPage }) => {\n    loginPage.fazerLogin(\"xteste@teste.com\", \"123456\")\n    loginPage.validarLoginErrado()",
              "err": {},
              "uuid": "9c7cd8cf-067c-43ed-82c4-b522482ad6b8",
              "parentUUID": "7bfb1c28-d634-4f48-bb28-5b581ca92588",
              "isHook": false,
              "skipped": false
            }
          ],
          "suites": [],
          "passes": [
            "532b7b2e-48c4-43c3-99e4-dc21a24a5499",
            "9c7cd8cf-067c-43ed-82c4-b522482ad6b8"
          ],
          "failures": [],
          "pending": [],
          "skipped": [],
          "duration": 9355,
          "root": false,
          "rootEmpty": false,
          "_timeout": 0
        }
      ],
      "passes": [],
      "failures": [],
      "pending": [],
      "skipped": [],
      "duration": 0,
      "root": true,
      "rootEmpty": true,
      "_timeout": 0
    }
  ],
  "meta": {
    "mocha": {
      "version": "10.0.0"
    },
    "mochawesome": {
      "options": {
        "quiet": false,
        "reportFilename": "mochawesome",
        "saveHtml": true,
        "saveJson": true,
        "consoleReporter": "spec",
        "useInlineDiffs": false,
        "code": true
      },
      "version": "7.1.3"
    },
    "marge": {
      "options": {},
      "version": "6.2.0"
    }
  }
}